# JRE version: Java(TM) SE Runtime Environment (8.0_131-b11) (build 1.8.0_131-b11)
# Java VM: Java HotSpot(TM) 64-Bit Server VM (25.131-b11 mixed mode bsd-amd64 compressed oops)
Heap:
 PSYoungGen      total 265728K, used 70383K [0x0000000795580000, 0x00000007aa880000, 0x00000007c0000000)
  eden space 194560K, 31% used [0x0000000795580000,0x00000007991c22b0,0x00000007a1380000)
  from space 71168K, 12% used [0x00000007a6300000,0x00000007a6b79cb0,0x00000007aa880000)
  to   space 76288K, 0% used [0x00000007a1380000,0x00000007a1380000,0x00000007a5e00000)
 ParOldGen       total 260608K, used 136221K [0x0000000740000000, 0x000000074fe80000, 0x0000000795580000)
  object space 260608K, 52% used [0x0000000740000000,0x00000007485077a8,0x000000074fe80000)
 Metaspace       used 24167K, capacity 24976K, committed 25216K, reserved 1071104K
  class space    used 3146K, capacity 3331K, committed 3456K, reserved 1048576K
GC Heap History (10 events):
Event: 20.149 GC heap before
{Heap before GC invocations=8 (full 3):
 PSYoungGen      total 71680K, used 5095K [0x0000000795580000, 0x000000079dc80000, 0x00000007c0000000)
  eden space 66560K, 0% used [0x0000000795580000,0x0000000795580000,0x0000000799680000)
  from space 5120K, 99% used [0x0000000799680000,0x0000000799b79c40,0x0000000799b80000)
  to   space 5120K, 0% used [0x000000079d780000,0x000000079d780000,0x000000079dc80000)
 ParOldGen       total 73728K, used 38284K [0x0000000740000000, 0x0000000744800000, 0x0000000795580000)
  object space 73728K, 51% used [0x0000000740000000,0x00000007425633c8,0x0000000744800000)
 Metaspace       used 22845K, capacity 23590K, committed 23808K, reserved 1069056K
  class space    used 3016K, capacity 3220K, committed 3328K, reserved 1048576K
Event: 20.198 GC heap after
Heap after GC invocations=8 (full 3):
 PSYoungGen      total 71680K, used 0K [0x0000000795580000, 0x000000079dc80000, 0x00000007c0000000)
  eden space 66560K, 0% used [0x0000000795580000,0x0000000795580000,0x0000000799680000)
  from space 5120K, 0% used [0x0000000799680000,0x0000000799680000,0x0000000799b80000)
  to   space 5120K, 0% used [0x000000079d780000,0x000000079d780000,0x000000079dc80000)
 ParOldGen       total 113664K, used 35680K [0x0000000740000000, 0x0000000746f00000, 0x0000000795580000)
  object space 113664K, 31% used [0x0000000740000000,0x00000007422d82b0,0x0000000746f00000)
 Metaspace       used 22845K, capacity 23590K, committed 23808K, reserved 1069056K
  class space    used 3016K, capacity 3220K, committed 3328K, reserved 1048576K
}
Event: 23.077 GC heap before
{Heap before GC invocations=9 (full 3):
 PSYoungGen      total 71680K, used 66482K [0x0000000795580000, 0x000000079dc80000, 0x00000007c0000000)
  eden space 66560K, 99% used [0x0000000795580000,0x000000079966cb98,0x0000000799680000)
  from space 5120K, 0% used [0x0000000799680000,0x0000000799680000,0x0000000799b80000)
  to   space 5120K, 0% used [0x000000079d780000,0x000000079d780000,0x000000079dc80000)
 ParOldGen       total 113664K, used 35680K [0x0000000740000000, 0x0000000746f00000, 0x0000000795580000)
  object space 113664K, 31% used [0x0000000740000000,0x00000007422d82b0,0x0000000746f00000)
 Metaspace       used 23000K, capacity 23718K, committed 24064K, reserved 1071104K
  class space    used 3017K, capacity 3220K, committed 3328K, reserved 1048576K
Event: 23.085 GC heap after
Heap after GC invocations=9 (full 3):
 PSYoungGen      total 115200K, used 5006K [0x0000000795580000, 0x000000079f800000, 0x00000007c0000000)
  eden space 110080K, 0% used [0x0000000795580000,0x0000000795580000,0x000000079c100000)
  from space 5120K, 97% used [0x000000079d780000,0x000000079dc638a8,0x000000079dc80000)
  to   space 23040K, 0% used [0x000000079c100000,0x000000079c100000,0x000000079d780000)
 ParOldGen       total 113664K, used 57389K [0x0000000740000000, 0x0000000746f00000, 0x0000000795580000)
  object space 113664K, 50% used [0x0000000740000000,0x000000074380b560,0x0000000746f00000)
 Metaspace       used 23000K, capacity 23718K, committed 24064K, reserved 1071104K
  class space    used 3017K, capacity 3220K, committed 3328K, reserved 1048576K
}
Event: 28.518 GC heap before
{Heap before GC invocations=10 (full 3):
 PSYoungGen      total 115200K, used 112368K [0x0000000795580000, 0x000000079f800000, 0x00000007c0000000)
  eden space 110080K, 97% used [0x0000000795580000,0x000000079be588f8,0x000000079c100000)
  from space 5120K, 97% used [0x000000079d780000,0x000000079dc638a8,0x000000079dc80000)
  to   space 23040K, 0% used [0x000000079c100000,0x000000079c100000,0x000000079d780000)
 ParOldGen       total 113664K, used 57389K [0x0000000740000000, 0x0000000746f00000, 0x0000000795580000)
  object space 113664K, 50% used [0x0000000740000000,0x000000074380b560,0x0000000746f00000)
 Metaspace       used 24086K, capacity 24800K, committed 25088K, reserved 1071104K
  class space    used 3135K, capacity 3321K, committed 3328K, reserved 1048576K
Event: 28.567 GC heap after
Heap after GC invocations=10 (full 3):
 PSYoungGen      total 133120K, used 23010K [0x0000000795580000, 0x00000007ab100000, 0x00000007c0000000)
  eden space 110080K, 0% used [0x0000000795580000,0x0000000795580000,0x000000079c100000)
  from space 23040K, 99% used [0x000000079c100000,0x000000079d778ad0,0x000000079d780000)
  to   space 79872K, 0% used [0x00000007a6300000,0x00000007a6300000,0x00000007ab100000)
 ParOldGen       total 159744K, used 159532K [0x0000000740000000, 0x0000000749c00000, 0x0000000795580000)
  object space 159744K, 99% used [0x0000000740000000,0x0000000749bcb300,0x0000000749c00000)
 Metaspace       used 24086K, capacity 24800K, committed 25088K, reserved 1071104K
  class space    used 3135K, capacity 3321K, committed 3328K, reserved 1048576K
}
Event: 28.567 GC heap before
{Heap before GC invocations=11 (full 4):
 PSYoungGen      total 133120K, used 23010K [0x0000000795580000, 0x00000007ab100000, 0x00000007c0000000)
  eden space 110080K, 0% used [0x0000000795580000,0x0000000795580000,0x000000079c100000)
  from space 23040K, 99% used [0x000000079c100000,0x000000079d778ad0,0x000000079d780000)
  to   space 79872K, 0% used [0x00000007a6300000,0x00000007a6300000,0x00000007ab100000)
 ParOldGen       total 159744K, used 159532K [0x0000000740000000, 0x0000000749c00000, 0x0000000795580000)
  object space 159744K, 99% used [0x0000000740000000,0x0000000749bcb300,0x0000000749c00000)
 Metaspace       used 24086K, capacity 24800K, committed 25088K, reserved 1071104K
  class space    used 3135K, capacity 3321K, committed 3328K, reserved 1048576K
Event: 28.590 GC heap after
Heap after GC invocations=11 (full 4):
 PSYoungGen      total 133120K, used 0K [0x0000000795580000, 0x00000007ab100000, 0x00000007c0000000)
  eden space 110080K, 0% used [0x0000000795580000,0x0000000795580000,0x000000079c100000)
  from space 23040K, 0% used [0x000000079c100000,0x000000079c100000,0x000000079d780000)
  to   space 79872K, 0% used [0x00000007a6300000,0x00000007a6300000,0x00000007ab100000)
 ParOldGen       total 260608K, used 136213K [0x0000000740000000, 0x000000074fe80000, 0x0000000795580000)
  object space 260608K, 52% used [0x0000000740000000,0x00000007485057a8,0x000000074fe80000)
 Metaspace       used 24086K, capacity 24800K, committed 25088K, reserved 1071104K
  class space    used 3135K, capacity 3321K, committed 3328K, reserved 1048576K
}
Event: 33.618 GC heap before
{Heap before GC invocations=12 (full 4):
 PSYoungGen      total 133120K, used 109716K [0x0000000795580000, 0x00000007ab100000, 0x00000007c0000000)
  eden space 110080K, 99% used [0x0000000795580000,0x000000079c0a5020,0x000000079c100000)
  from space 23040K, 0% used [0x000000079c100000,0x000000079c100000,0x000000079d780000)
  to   space 79872K, 0% used [0x00000007a6300000,0x00000007a6300000,0x00000007ab100000)
 ParOldGen       total 260608K, used 136213K [0x0000000740000000, 0x000000074fe80000, 0x0000000795580000)
  object space 260608K, 52% used [0x0000000740000000,0x00000007485057a8,0x000000074fe80000)
 Metaspace       used 24109K, capacity 24868K, committed 25088K, reserved 1071104K
  class space    used 3135K, capacity 3321K, committed 3328K, reserved 1048576K
Event: 33.623 GC heap after
Heap after GC invocations=12 (full 4):
 PSYoungGen      total 265728K, used 8679K [0x0000000795580000, 0x00000007aa880000, 0x00000007c0000000)
  eden space 194560K, 0% used [0x0000000795580000,0x0000000795580000,0x00000007a1380000)
  from space 71168K, 12% used [0x00000007a6300000,0x00000007a6b79cb0,0x00000007aa880000)
  to   space 76288K, 0% used [0x00000007a1380000,0x00000007a1380000,0x00000007a5e00000)
 ParOldGen       total 260608K, used 136221K [0x0000000740000000, 0x000000074fe80000, 0x0000000795580000)
  object space 260608K, 52% used [0x0000000740000000,0x00000007485077a8,0x000000074fe80000)
 Metaspace       used 24109K, capacity 24868K, committed 25088K, reserved 1071104K
  class space    used 3135K, capacity 3321K, committed 3328K, reserved 1048576K
}

