# JRE version: Java(TM) SE Runtime Environment (8.0_131-b11) (build 1.8.0_131-b11)
# Java VM: Java HotSpot(TM) 64-Bit Server VM (25.131-b11 mixed mode bsd-amd64 compressed oops)
Heap:
 PSYoungGen      total 71680K, used 57990K [0x0000000795580000, 0x000000079a080000, 0x00000007c0000000)
  eden space 66560K, 87% used [0x0000000795580000,0x0000000798e21ae0,0x0000000799680000)
  from space 5120K, 0% used [0x0000000799b80000,0x0000000799b80000,0x000000079a080000)
  to   space 5120K, 0% used [0x0000000799680000,0x0000000799680000,0x0000000799b80000)
 ParOldGen       total 76288K, used 9812K [0x0000000740000000, 0x0000000744a80000, 0x0000000795580000)
  object space 76288K, 12% used [0x0000000740000000,0x0000000740995280,0x0000000744a80000)
 Metaspace       used 22908K, capacity 23712K, committed 24064K, reserved 1071104K
  class space    used 3020K, capacity 3229K, committed 3328K, reserved 1048576K
GC Heap History (10 events):
Event: 0.643 GC heap before
{Heap before GC invocations=2 (full 1):
 PSYoungGen      total 38400K, used 3256K [0x0000000795580000, 0x0000000798000000, 0x00000007c0000000)
  eden space 33280K, 0% used [0x0000000795580000,0x0000000795580000,0x0000000797600000)
  from space 5120K, 63% used [0x0000000797600000,0x000000079792e028,0x0000000797b00000)
  to   space 5120K, 0% used [0x0000000797b00000,0x0000000797b00000,0x0000000798000000)
 ParOldGen       total 87552K, used 8K [0x0000000740000000, 0x0000000745580000, 0x0000000795580000)
  object space 87552K, 0% used [0x0000000740000000,0x0000000740002000,0x0000000745580000)
 Metaspace       used 8829K, capacity 9022K, committed 9088K, reserved 1056768K
  class space    used 1068K, capacity 1151K, committed 1152K, reserved 1048576K
Event: 0.654 GC heap after
Heap after GC invocations=2 (full 1):
 PSYoungGen      total 38400K, used 0K [0x0000000795580000, 0x0000000798000000, 0x00000007c0000000)
  eden space 33280K, 0% used [0x0000000795580000,0x0000000795580000,0x0000000797600000)
  from space 5120K, 0% used [0x0000000797600000,0x0000000797600000,0x0000000797b00000)
  to   space 5120K, 0% used [0x0000000797b00000,0x0000000797b00000,0x0000000798000000)
 ParOldGen       total 87552K, used 3092K [0x0000000740000000, 0x0000000745580000, 0x0000000795580000)
  object space 87552K, 3% used [0x0000000740000000,0x0000000740305350,0x0000000745580000)
 Metaspace       used 8829K, capacity 9022K, committed 9088K, reserved 1056768K
  class space    used 1068K, capacity 1151K, committed 1152K, reserved 1048576K
}
Event: 1.863 GC heap before
{Heap before GC invocations=3 (full 1):
 PSYoungGen      total 38400K, used 30471K [0x0000000795580000, 0x0000000798000000, 0x00000007c0000000)
  eden space 33280K, 91% used [0x0000000795580000,0x0000000797341d40,0x0000000797600000)
  from space 5120K, 0% used [0x0000000797600000,0x0000000797600000,0x0000000797b00000)
  to   space 5120K, 0% used [0x0000000797b00000,0x0000000797b00000,0x0000000798000000)
 ParOldGen       total 87552K, used 3092K [0x0000000740000000, 0x0000000745580000, 0x0000000795580000)
  object space 87552K, 3% used [0x0000000740000000,0x0000000740305350,0x0000000745580000)
 Metaspace       used 14333K, capacity 14730K, committed 14848K, reserved 1062912K
  class space    used 1854K, capacity 1960K, committed 2048K, reserved 1048576K
Event: 1.872 GC heap after
Heap after GC invocations=3 (full 1):
 PSYoungGen      total 38400K, used 2520K [0x0000000795580000, 0x0000000798000000, 0x00000007c0000000)
  eden space 33280K, 0% used [0x0000000795580000,0x0000000795580000,0x0000000797600000)
  from space 5120K, 49% used [0x0000000797b00000,0x0000000797d763c8,0x0000000798000000)
  to   space 5120K, 0% used [0x0000000797600000,0x0000000797600000,0x0000000797b00000)
 ParOldGen       total 87552K, used 13554K [0x0000000740000000, 0x0000000745580000, 0x0000000795580000)
  object space 87552K, 15% used [0x0000000740000000,0x0000000740d3c928,0x0000000745580000)
 Metaspace       used 14333K, capacity 14730K, committed 14848K, reserved 1062912K
  class space    used 1854K, capacity 1960K, committed 2048K, reserved 1048576K
}
Event: 2.069 GC heap before
{Heap before GC invocations=4 (full 1):
 PSYoungGen      total 38400K, used 28887K [0x0000000795580000, 0x0000000798000000, 0x00000007c0000000)
  eden space 33280K, 79% used [0x0000000795580000,0x0000000796f3fb98,0x0000000797600000)
  from space 5120K, 49% used [0x0000000797b00000,0x0000000797d763c8,0x0000000798000000)
  to   space 5120K, 0% used [0x0000000797600000,0x0000000797600000,0x0000000797b00000)
 ParOldGen       total 87552K, used 13554K [0x0000000740000000, 0x0000000745580000, 0x0000000795580000)
  object space 87552K, 15% used [0x0000000740000000,0x0000000740d3c928,0x0000000745580000)
 Metaspace       used 14340K, capacity 14730K, committed 14848K, reserved 1062912K
  class space    used 1854K, capacity 1960K, committed 2048K, reserved 1048576K
Event: 2.083 GC heap after
Heap after GC invocations=4 (full 1):
 PSYoungGen      total 38400K, used 1587K [0x0000000795580000, 0x000000079a080000, 0x00000007c0000000)
  eden space 33280K, 0% used [0x0000000795580000,0x0000000795580000,0x0000000797600000)
  from space 5120K, 31% used [0x0000000797600000,0x000000079778cd48,0x0000000797b00000)
  to   space 5120K, 0% used [0x0000000799b80000,0x0000000799b80000,0x000000079a080000)
 ParOldGen       total 87552K, used 39707K [0x0000000740000000, 0x0000000745580000, 0x0000000795580000)
  object space 87552K, 45% used [0x0000000740000000,0x00000007426c6fd0,0x0000000745580000)
 Metaspace       used 14340K, capacity 14730K, committed 14848K, reserved 1062912K
  class space    used 1854K, capacity 1960K, committed 2048K, reserved 1048576K
}
Event: 10.559 GC heap before
{Heap before GC invocations=5 (full 1):
 PSYoungGen      total 38400K, used 34725K [0x0000000795580000, 0x000000079a080000, 0x00000007c0000000)
  eden space 33280K, 99% used [0x0000000795580000,0x00000007975dc7e0,0x0000000797600000)
  from space 5120K, 31% used [0x0000000797600000,0x000000079778cd48,0x0000000797b00000)
  to   space 5120K, 0% used [0x0000000799b80000,0x0000000799b80000,0x000000079a080000)
 ParOldGen       total 87552K, used 39707K [0x0000000740000000, 0x0000000745580000, 0x0000000795580000)
  object space 87552K, 45% used [0x0000000740000000,0x00000007426c6fd0,0x0000000745580000)
 Metaspace       used 20535K, capacity 21150K, committed 21296K, reserved 1067008K
  class space    used 2688K, capacity 2882K, committed 2944K, reserved 1048576K
Event: 10.569 GC heap after
Heap after GC invocations=5 (full 1):
 PSYoungGen      total 71680K, used 2304K [0x0000000795580000, 0x000000079a080000, 0x00000007c0000000)
  eden space 66560K, 0% used [0x0000000795580000,0x0000000795580000,0x0000000799680000)
  from space 5120K, 45% used [0x0000000799b80000,0x0000000799dc0040,0x000000079a080000)
  to   space 5120K, 0% used [0x0000000799680000,0x0000000799680000,0x0000000799b80000)
 ParOldGen       total 87552K, used 45790K [0x0000000740000000, 0x0000000745580000, 0x0000000795580000)
  object space 87552K, 52% used [0x0000000740000000,0x0000000742cb7be0,0x0000000745580000)
 Metaspace       used 20535K, capacity 21150K, committed 21296K, reserved 1067008K
  class space    used 2688K, capacity 2882K, committed 2944K, reserved 1048576K
}
Event: 10.569 GC heap before
{Heap before GC invocations=6 (full 2):
 PSYoungGen      total 71680K, used 2304K [0x0000000795580000, 0x000000079a080000, 0x00000007c0000000)
  eden space 66560K, 0% used [0x0000000795580000,0x0000000795580000,0x0000000799680000)
  from space 5120K, 45% used [0x0000000799b80000,0x0000000799dc0040,0x000000079a080000)
  to   space 5120K, 0% used [0x0000000799680000,0x0000000799680000,0x0000000799b80000)
 ParOldGen       total 87552K, used 45790K [0x0000000740000000, 0x0000000745580000, 0x0000000795580000)
  object space 87552K, 52% used [0x0000000740000000,0x0000000742cb7be0,0x0000000745580000)
 Metaspace       used 20535K, capacity 21150K, committed 21296K, reserved 1067008K
  class space    used 2688K, capacity 2882K, committed 2944K, reserved 1048576K
Event: 10.605 GC heap after
Heap after GC invocations=6 (full 2):
 PSYoungGen      total 71680K, used 0K [0x0000000795580000, 0x000000079a080000, 0x00000007c0000000)
  eden space 66560K, 0% used [0x0000000795580000,0x0000000795580000,0x0000000799680000)
  from space 5120K, 0% used [0x0000000799b80000,0x0000000799b80000,0x000000079a080000)
  to   space 5120K, 0% used [0x0000000799680000,0x0000000799680000,0x0000000799b80000)
 ParOldGen       total 76288K, used 9812K [0x0000000740000000, 0x0000000744a80000, 0x0000000795580000)
  object space 76288K, 12% used [0x0000000740000000,0x0000000740995280,0x0000000744a80000)
 Metaspace       used 20535K, capacity 21150K, committed 21296K, reserved 1067008K
  class space    used 2688K, capacity 2882K, committed 2944K, reserved 1048576K
}

