# JRE version: Java(TM) SE Runtime Environment (8.0_131-b11) (build 1.8.0_131-b11)
# Java VM: Java HotSpot(TM) 64-Bit Server VM (25.131-b11 mixed mode bsd-amd64 compressed oops)
Heap:
 PSYoungGen      total 216064K, used 101332K [0x0000000795580000, 0x00000007a4e80000, 0x00000007c0000000)
  eden space 192000K, 40% used [0x0000000795580000,0x000000079a237328,0x00000007a1100000)
  from space 24064K, 94% used [0x00000007a2d00000,0x00000007a433de00,0x00000007a4480000)
  to   space 28672K, 0% used [0x00000007a1100000,0x00000007a1100000,0x00000007a2d00000)
 ParOldGen       total 116224K, used 60211K [0x0000000740000000, 0x0000000747180000, 0x0000000795580000)
  object space 116224K, 51% used [0x0000000740000000,0x0000000743accea0,0x0000000747180000)
 Metaspace       used 23310K, capacity 24026K, committed 24320K, reserved 1071104K
  class space    used 3084K, capacity 3276K, committed 3328K, reserved 1048576K
GC Heap History (10 events):
Event: 13.829 GC heap before
{Heap before GC invocations=7 (full 2):
 PSYoungGen      total 71680K, used 63312K [0x0000000795580000, 0x000000079a080000, 0x00000007c0000000)
  eden space 66560K, 95% used [0x0000000795580000,0x00000007993541a0,0x0000000799680000)
  from space 5120K, 0% used [0x0000000799b80000,0x0000000799b80000,0x000000079a080000)
  to   space 5120K, 0% used [0x0000000799680000,0x0000000799680000,0x0000000799b80000)
 ParOldGen       total 73216K, used 9855K [0x0000000740000000, 0x0000000744780000, 0x0000000795580000)
  object space 73216K, 13% used [0x0000000740000000,0x000000074099fc50,0x0000000744780000)
 Metaspace       used 22689K, capacity 23374K, committed 23552K, reserved 1069056K
  class space    used 3010K, capacity 3210K, committed 3328K, reserved 1048576K
Event: 13.835 GC heap after
Heap after GC invocations=7 (full 2):
 PSYoungGen      total 71680K, used 5103K [0x0000000795580000, 0x000000079de80000, 0x00000007c0000000)
  eden space 66560K, 0% used [0x0000000795580000,0x0000000795580000,0x0000000799680000)
  from space 5120K, 99% used [0x0000000799680000,0x0000000799b7bf78,0x0000000799b80000)
  to   space 5120K, 0% used [0x000000079d980000,0x000000079d980000,0x000000079de80000)
 ParOldGen       total 73216K, used 32474K [0x0000000740000000, 0x0000000744780000, 0x0000000795580000)
  object space 73216K, 44% used [0x0000000740000000,0x0000000741fb6a30,0x0000000744780000)
 Metaspace       used 22689K, capacity 23374K, committed 23552K, reserved 1069056K
  class space    used 3010K, capacity 3210K, committed 3328K, reserved 1048576K
}
Event: 14.038 GC heap before
{Heap before GC invocations=8 (full 2):
 PSYoungGen      total 71680K, used 71663K [0x0000000795580000, 0x000000079de80000, 0x00000007c0000000)
  eden space 66560K, 100% used [0x0000000795580000,0x0000000799680000,0x0000000799680000)
  from space 5120K, 99% used [0x0000000799680000,0x0000000799b7bf78,0x0000000799b80000)
  to   space 5120K, 0% used [0x000000079d980000,0x000000079d980000,0x000000079de80000)
 ParOldGen       total 73216K, used 32474K [0x0000000740000000, 0x0000000744780000, 0x0000000795580000)
  object space 73216K, 44% used [0x0000000740000000,0x0000000741fb6a30,0x0000000744780000)
 Metaspace       used 22691K, capacity 23374K, committed 23552K, reserved 1069056K
  class space    used 3010K, capacity 3210K, committed 3328K, reserved 1048576K
Event: 14.047 GC heap after
Heap after GC invocations=8 (full 2):
 PSYoungGen      total 119808K, used 336K [0x0000000795580000, 0x000000079fd00000, 0x00000007c0000000)
  eden space 114688K, 0% used [0x0000000795580000,0x0000000795580000,0x000000079c580000)
  from space 5120K, 6% used [0x000000079d980000,0x000000079d9d43a0,0x000000079de80000)
  to   space 20480K, 0% used [0x000000079c580000,0x000000079c580000,0x000000079d980000)
 ParOldGen       total 73216K, used 62145K [0x0000000740000000, 0x0000000744780000, 0x0000000795580000)
  object space 73216K, 84% used [0x0000000740000000,0x0000000743cb0700,0x0000000744780000)
 Metaspace       used 22691K, capacity 23374K, committed 23552K, reserved 1069056K
  class space    used 3010K, capacity 3210K, committed 3328K, reserved 1048576K
}
Event: 14.047 GC heap before
{Heap before GC invocations=9 (full 3):
 PSYoungGen      total 119808K, used 336K [0x0000000795580000, 0x000000079fd00000, 0x00000007c0000000)
  eden space 114688K, 0% used [0x0000000795580000,0x0000000795580000,0x000000079c580000)
  from space 5120K, 6% used [0x000000079d980000,0x000000079d9d43a0,0x000000079de80000)
  to   space 20480K, 0% used [0x000000079c580000,0x000000079c580000,0x000000079d980000)
 ParOldGen       total 73216K, used 62145K [0x0000000740000000, 0x0000000744780000, 0x0000000795580000)
  object space 73216K, 84% used [0x0000000740000000,0x0000000743cb0700,0x0000000744780000)
 Metaspace       used 22691K, capacity 23374K, committed 23552K, reserved 1069056K
  class space    used 3010K, capacity 3210K, committed 3328K, reserved 1048576K
Event: 14.080 GC heap after
Heap after GC invocations=9 (full 3):
 PSYoungGen      total 119808K, used 0K [0x0000000795580000, 0x000000079fd00000, 0x00000007c0000000)
  eden space 114688K, 0% used [0x0000000795580000,0x0000000795580000,0x000000079c580000)
  from space 5120K, 0% used [0x000000079d980000,0x000000079d980000,0x000000079de80000)
  to   space 20480K, 0% used [0x000000079c580000,0x000000079c580000,0x000000079d980000)
 ParOldGen       total 116224K, used 32364K [0x0000000740000000, 0x0000000747180000, 0x0000000795580000)
  object space 116224K, 27% used [0x0000000740000000,0x0000000741f9b248,0x0000000747180000)
 Metaspace       used 22691K, capacity 23374K, committed 23552K, reserved 1069056K
  class space    used 3010K, capacity 3210K, committed 3328K, reserved 1048576K
}
Event: 14.415 GC heap before
{Heap before GC invocations=10 (full 3):
 PSYoungGen      total 119808K, used 114688K [0x0000000795580000, 0x000000079fd00000, 0x00000007c0000000)
  eden space 114688K, 100% used [0x0000000795580000,0x000000079c580000,0x000000079c580000)
  from space 5120K, 0% used [0x000000079d980000,0x000000079d980000,0x000000079de80000)
  to   space 20480K, 0% used [0x000000079c580000,0x000000079c580000,0x000000079d980000)
 ParOldGen       total 116224K, used 32364K [0x0000000740000000, 0x0000000747180000, 0x0000000795580000)
  object space 116224K, 27% used [0x0000000740000000,0x0000000741f9b248,0x0000000747180000)
 Metaspace       used 22704K, capacity 23380K, committed 23552K, reserved 1069056K
  class space    used 3011K, capacity 3211K, committed 3328K, reserved 1048576K
Event: 14.423 GC heap after
Heap after GC invocations=10 (full 3):
 PSYoungGen      total 135168K, used 17745K [0x0000000795580000, 0x00000007a4480000, 0x00000007c0000000)
  eden space 114688K, 0% used [0x0000000795580000,0x0000000795580000,0x000000079c580000)
  from space 20480K, 86% used [0x000000079c580000,0x000000079d6d45d0,0x000000079d980000)
  to   space 24064K, 0% used [0x00000007a2d00000,0x00000007a2d00000,0x00000007a4480000)
 ParOldGen       total 116224K, used 44942K [0x0000000740000000, 0x0000000747180000, 0x0000000795580000)
  object space 116224K, 38% used [0x0000000740000000,0x0000000742be3b60,0x0000000747180000)
 Metaspace       used 22704K, capacity 23380K, committed 23552K, reserved 1069056K
  class space    used 3011K, capacity 3211K, committed 3328K, reserved 1048576K
}
Event: 14.721 GC heap before
{Heap before GC invocations=11 (full 3):
 PSYoungGen      total 135168K, used 132433K [0x0000000795580000, 0x00000007a4480000, 0x00000007c0000000)
  eden space 114688K, 100% used [0x0000000795580000,0x000000079c580000,0x000000079c580000)
  from space 20480K, 86% used [0x000000079c580000,0x000000079d6d45d0,0x000000079d980000)
  to   space 24064K, 0% used [0x00000007a2d00000,0x00000007a2d00000,0x00000007a4480000)
 ParOldGen       total 116224K, used 44942K [0x0000000740000000, 0x0000000747180000, 0x0000000795580000)
  object space 116224K, 38% used [0x0000000740000000,0x0000000742be3b60,0x0000000747180000)
 Metaspace       used 22709K, capacity 23380K, committed 23552K, reserved 1069056K
  class space    used 3011K, capacity 3211K, committed 3328K, reserved 1048576K
Event: 14.730 GC heap after
Heap after GC invocations=11 (full 3):
 PSYoungGen      total 216064K, used 22775K [0x0000000795580000, 0x00000007a4e80000, 0x00000007c0000000)
  eden space 192000K, 0% used [0x0000000795580000,0x0000000795580000,0x00000007a1100000)
  from space 24064K, 94% used [0x00000007a2d00000,0x00000007a433de00,0x00000007a4480000)
  to   space 28672K, 0% used [0x00000007a1100000,0x00000007a1100000,0x00000007a2d00000)
 ParOldGen       total 116224K, used 60211K [0x0000000740000000, 0x0000000747180000, 0x0000000795580000)
  object space 116224K, 51% used [0x0000000740000000,0x0000000743accea0,0x0000000747180000)
 Metaspace       used 22709K, capacity 23380K, committed 23552K, reserved 1069056K
  class space    used 3011K, capacity 3211K, committed 3328K, reserved 1048576K
}

