# JRE version: Java(TM) SE Runtime Environment (8.0_131-b11) (build 1.8.0_131-b11)
# Java VM: Java HotSpot(TM) 64-Bit Server VM (25.131-b11 mixed mode bsd-amd64 compressed oops)
Heap:
 PSYoungGen      total 227840K, used 47988K [0x0000000795580000, 0x00000007a5280000, 0x00000007c0000000)
  eden space 227328K, 20% used [0x0000000795580000,0x0000000798415588,0x00000007a3380000)
  from space 512K, 55% used [0x00000007a5200000,0x00000007a5247a80,0x00000007a5280000)
  to   space 4096K, 0% used [0x00000007a4a80000,0x00000007a4a80000,0x00000007a4e80000)
 ParOldGen       total 141312K, used 72421K [0x0000000740000000, 0x0000000748a00000, 0x0000000795580000)
  object space 141312K, 51% used [0x0000000740000000,0x00000007446b9768,0x0000000748a00000)
 Metaspace       used 23319K, capacity 24010K, committed 24064K, reserved 1071104K
  class space    used 3086K, capacity 3276K, committed 3328K, reserved 1048576K
GC Heap History (10 events):
Event: 13.101 GC heap before
{Heap before GC invocations=7 (full 2):
 PSYoungGen      total 71680K, used 63908K [0x0000000795580000, 0x000000079a080000, 0x00000007c0000000)
  eden space 66560K, 96% used [0x0000000795580000,0x00000007993e9080,0x0000000799680000)
  from space 5120K, 0% used [0x0000000799b80000,0x0000000799b80000,0x000000079a080000)
  to   space 5120K, 0% used [0x0000000799680000,0x0000000799680000,0x0000000799b80000)
 ParOldGen       total 73216K, used 9856K [0x0000000740000000, 0x0000000744780000, 0x0000000795580000)
  object space 73216K, 13% used [0x0000000740000000,0x00000007409a00b0,0x0000000744780000)
 Metaspace       used 22700K, capacity 23358K, committed 23552K, reserved 1069056K
  class space    used 3011K, capacity 3210K, committed 3328K, reserved 1048576K
Event: 13.108 GC heap after
Heap after GC invocations=7 (full 2):
 PSYoungGen      total 71680K, used 2835K [0x0000000795580000, 0x000000079de80000, 0x00000007c0000000)
  eden space 66560K, 0% used [0x0000000795580000,0x0000000795580000,0x0000000799680000)
  from space 5120K, 55% used [0x0000000799680000,0x0000000799944eb0,0x0000000799b80000)
  to   space 5120K, 0% used [0x000000079d980000,0x000000079d980000,0x000000079de80000)
 ParOldGen       total 73216K, used 30048K [0x0000000740000000, 0x0000000744780000, 0x0000000795580000)
  object space 73216K, 41% used [0x0000000740000000,0x0000000741d58028,0x0000000744780000)
 Metaspace       used 22700K, capacity 23358K, committed 23552K, reserved 1069056K
  class space    used 3011K, capacity 3210K, committed 3328K, reserved 1048576K
}
Event: 13.320 GC heap before
{Heap before GC invocations=8 (full 2):
 PSYoungGen      total 71680K, used 69395K [0x0000000795580000, 0x000000079de80000, 0x00000007c0000000)
  eden space 66560K, 100% used [0x0000000795580000,0x0000000799680000,0x0000000799680000)
  from space 5120K, 55% used [0x0000000799680000,0x0000000799944eb0,0x0000000799b80000)
  to   space 5120K, 0% used [0x000000079d980000,0x000000079d980000,0x000000079de80000)
 ParOldGen       total 73216K, used 30048K [0x0000000740000000, 0x0000000744780000, 0x0000000795580000)
  object space 73216K, 41% used [0x0000000740000000,0x0000000741d58028,0x0000000744780000)
 Metaspace       used 22702K, capacity 23358K, committed 23552K, reserved 1069056K
  class space    used 3011K, capacity 3210K, committed 3328K, reserved 1048576K
Event: 13.323 GC heap after
Heap after GC invocations=8 (full 2):
 PSYoungGen      total 132096K, used 496K [0x0000000795580000, 0x000000079dc00000, 0x00000007c0000000)
  eden space 129536K, 0% used [0x0000000795580000,0x0000000795580000,0x000000079d400000)
  from space 2560K, 19% used [0x000000079d980000,0x000000079d9fc240,0x000000079dc00000)
  to   space 4096K, 0% used [0x000000079d400000,0x000000079d400000,0x000000079d800000)
 ParOldGen       total 73216K, used 39935K [0x0000000740000000, 0x0000000744780000, 0x0000000795580000)
  object space 73216K, 54% used [0x0000000740000000,0x00000007426fff18,0x0000000744780000)
 Metaspace       used 22702K, capacity 23358K, committed 23552K, reserved 1069056K
  class space    used 3011K, capacity 3210K, committed 3328K, reserved 1048576K
}
Event: 13.708 GC heap before
{Heap before GC invocations=9 (full 2):
 PSYoungGen      total 132096K, used 130032K [0x0000000795580000, 0x000000079dc00000, 0x00000007c0000000)
  eden space 129536K, 100% used [0x0000000795580000,0x000000079d400000,0x000000079d400000)
  from space 2560K, 19% used [0x000000079d980000,0x000000079d9fc240,0x000000079dc00000)
  to   space 4096K, 0% used [0x000000079d400000,0x000000079d400000,0x000000079d800000)
 ParOldGen       total 73216K, used 39935K [0x0000000740000000, 0x0000000744780000, 0x0000000795580000)
  object space 73216K, 54% used [0x0000000740000000,0x00000007426fff18,0x0000000744780000)
 Metaspace       used 22715K, capacity 23428K, committed 23552K, reserved 1069056K
  class space    used 3012K, capacity 3211K, committed 3328K, reserved 1048576K
Event: 13.745 GC heap after
Heap after GC invocations=9 (full 2):
 PSYoungGen      total 133632K, used 574K [0x0000000795580000, 0x00000007a5600000, 0x00000007c0000000)
  eden space 129536K, 0% used [0x0000000795580000,0x0000000795580000,0x000000079d400000)
  from space 4096K, 14% used [0x000000079d400000,0x000000079d48f920,0x000000079d800000)
  to   space 4096K, 0% used [0x00000007a5200000,0x00000007a5200000,0x00000007a5600000)
 ParOldGen       total 96256K, used 90694K [0x0000000740000000, 0x0000000745e00000, 0x0000000795580000)
  object space 96256K, 94% used [0x0000000740000000,0x0000000745891850,0x0000000745e00000)
 Metaspace       used 22715K, capacity 23428K, committed 23552K, reserved 1069056K
  class space    used 3012K, capacity 3211K, committed 3328K, reserved 1048576K
}
Event: 13.745 GC heap before
{Heap before GC invocations=10 (full 3):
 PSYoungGen      total 133632K, used 574K [0x0000000795580000, 0x00000007a5600000, 0x00000007c0000000)
  eden space 129536K, 0% used [0x0000000795580000,0x0000000795580000,0x000000079d400000)
  from space 4096K, 14% used [0x000000079d400000,0x000000079d48f920,0x000000079d800000)
  to   space 4096K, 0% used [0x00000007a5200000,0x00000007a5200000,0x00000007a5600000)
 ParOldGen       total 96256K, used 90694K [0x0000000740000000, 0x0000000745e00000, 0x0000000795580000)
  object space 96256K, 94% used [0x0000000740000000,0x0000000745891850,0x0000000745e00000)
 Metaspace       used 22715K, capacity 23428K, committed 23552K, reserved 1069056K
  class space    used 3012K, capacity 3211K, committed 3328K, reserved 1048576K
Event: 13.786 GC heap after
Heap after GC invocations=10 (full 3):
 PSYoungGen      total 133632K, used 0K [0x0000000795580000, 0x00000007a5600000, 0x00000007c0000000)
  eden space 129536K, 0% used [0x0000000795580000,0x0000000795580000,0x000000079d400000)
  from space 4096K, 0% used [0x000000079d400000,0x000000079d400000,0x000000079d800000)
  to   space 4096K, 0% used [0x00000007a5200000,0x00000007a5200000,0x00000007a5600000)
 ParOldGen       total 141312K, used 52672K [0x0000000740000000, 0x0000000748a00000, 0x0000000795580000)
  object space 141312K, 37% used [0x0000000740000000,0x0000000743370300,0x0000000748a00000)
 Metaspace       used 22715K, capacity 23428K, committed 23552K, reserved 1069056K
  class space    used 3012K, capacity 3211K, committed 3328K, reserved 1048576K
}
Event: 14.123 GC heap before
{Heap before GC invocations=11 (full 3):
 PSYoungGen      total 133632K, used 129536K [0x0000000795580000, 0x00000007a5600000, 0x00000007c0000000)
  eden space 129536K, 100% used [0x0000000795580000,0x000000079d400000,0x000000079d400000)
  from space 4096K, 0% used [0x000000079d400000,0x000000079d400000,0x000000079d800000)
  to   space 4096K, 0% used [0x00000007a5200000,0x00000007a5200000,0x00000007a5600000)
 ParOldGen       total 141312K, used 52672K [0x0000000740000000, 0x0000000748a00000, 0x0000000795580000)
  object space 141312K, 37% used [0x0000000740000000,0x0000000743370300,0x0000000748a00000)
 Metaspace       used 22723K, capacity 23428K, committed 23552K, reserved 1069056K
  class space    used 3012K, capacity 3211K, committed 3328K, reserved 1048576K
Event: 14.126 GC heap after
Heap after GC invocations=11 (full 3):
 PSYoungGen      total 227840K, used 286K [0x0000000795580000, 0x00000007a5280000, 0x00000007c0000000)
  eden space 227328K, 0% used [0x0000000795580000,0x0000000795580000,0x00000007a3380000)
  from space 512K, 55% used [0x00000007a5200000,0x00000007a5247a80,0x00000007a5280000)
  to   space 4096K, 0% used [0x00000007a4a80000,0x00000007a4a80000,0x00000007a4e80000)
 ParOldGen       total 141312K, used 72421K [0x0000000740000000, 0x0000000748a00000, 0x0000000795580000)
  object space 141312K, 51% used [0x0000000740000000,0x00000007446b9768,0x0000000748a00000)
 Metaspace       used 22723K, capacity 23428K, committed 23552K, reserved 1069056K
  class space    used 3012K, capacity 3211K, committed 3328K, reserved 1048576K
}

