# JRE version: Java(TM) SE Runtime Environment (8.0_131-b11) (build 1.8.0_131-b11)
# Java VM: Java HotSpot(TM) 64-Bit Server VM (25.131-b11 mixed mode bsd-amd64 compressed oops)
Heap:
 PSYoungGen      total 123904K, used 97586K [0x0000000795580000, 0x000000079da80000, 0x00000007c0000000)
  eden space 118784K, 82% used [0x0000000795580000,0x000000079b4cc8a0,0x000000079c980000)
  from space 5120K, 0% used [0x000000079d580000,0x000000079d580000,0x000000079da80000)
  to   space 5632K, 0% used [0x000000079cf80000,0x000000079cf80000,0x000000079d500000)
 ParOldGen       total 272384K, used 140322K [0x0000000740000000, 0x0000000750a00000, 0x0000000795580000)
  object space 272384K, 51% used [0x0000000740000000,0x0000000748908848,0x0000000750a00000)
 Metaspace       used 23979K, capacity 24690K, committed 24960K, reserved 1071104K
  class space    used 3166K, capacity 3342K, committed 3456K, reserved 1048576K
GC Heap History (10 events):
Event: 10.654 GC heap before
{Heap before GC invocations=6 (full 2):
 PSYoungGen      total 71680K, used 2547K [0x0000000795580000, 0x000000079a080000, 0x00000007c0000000)
  eden space 66560K, 0% used [0x0000000795580000,0x0000000795580000,0x0000000799680000)
  from space 5120K, 49% used [0x0000000799b80000,0x0000000799dfcd48,0x000000079a080000)
  to   space 5120K, 0% used [0x0000000799680000,0x0000000799680000,0x0000000799b80000)
 ParOldGen       total 87552K, used 61797K [0x0000000740000000, 0x0000000745580000, 0x0000000795580000)
  object space 87552K, 70% used [0x0000000740000000,0x0000000743c59690,0x0000000745580000)
 Metaspace       used 20699K, capacity 21244K, committed 21296K, reserved 1067008K
  class space    used 2726K, capacity 2927K, committed 2944K, reserved 1048576K
Event: 10.685 GC heap after
Heap after GC invocations=6 (full 2):
 PSYoungGen      total 71680K, used 0K [0x0000000795580000, 0x000000079a080000, 0x00000007c0000000)
  eden space 66560K, 0% used [0x0000000795580000,0x0000000795580000,0x0000000799680000)
  from space 5120K, 0% used [0x0000000799b80000,0x0000000799b80000,0x000000079a080000)
  to   space 5120K, 0% used [0x0000000799680000,0x0000000799680000,0x0000000799b80000)
 ParOldGen       total 133632K, used 62411K [0x0000000740000000, 0x0000000748280000, 0x0000000795580000)
  object space 133632K, 46% used [0x0000000740000000,0x0000000743cf2e98,0x0000000748280000)
 Metaspace       used 20699K, capacity 21244K, committed 21296K, reserved 1067008K
  class space    used 2726K, capacity 2927K, committed 2944K, reserved 1048576K
}
Event: 14.612 GC heap before
{Heap before GC invocations=7 (full 2):
 PSYoungGen      total 71680K, used 66560K [0x0000000795580000, 0x000000079a080000, 0x00000007c0000000)
  eden space 66560K, 100% used [0x0000000795580000,0x0000000799680000,0x0000000799680000)
  from space 5120K, 0% used [0x0000000799b80000,0x0000000799b80000,0x000000079a080000)
  to   space 5120K, 0% used [0x0000000799680000,0x0000000799680000,0x0000000799b80000)
 ParOldGen       total 133632K, used 62411K [0x0000000740000000, 0x0000000748280000, 0x0000000795580000)
  object space 133632K, 46% used [0x0000000740000000,0x0000000743cf2e98,0x0000000748280000)
 Metaspace       used 22707K, capacity 23384K, committed 23552K, reserved 1069056K
  class space    used 2999K, capacity 3201K, committed 3328K, reserved 1048576K
Event: 14.625 GC heap after
Heap after GC invocations=7 (full 2):
 PSYoungGen      total 71680K, used 5071K [0x0000000795580000, 0x000000079da80000, 0x00000007c0000000)
  eden space 66560K, 0% used [0x0000000795580000,0x0000000795580000,0x0000000799680000)
  from space 5120K, 99% used [0x0000000799680000,0x0000000799b73f98,0x0000000799b80000)
  to   space 5120K, 0% used [0x000000079d580000,0x000000079d580000,0x000000079da80000)
 ParOldGen       total 133632K, used 93238K [0x0000000740000000, 0x0000000748280000, 0x0000000795580000)
  object space 133632K, 69% used [0x0000000740000000,0x0000000745b0d808,0x0000000748280000)
 Metaspace       used 22707K, capacity 23384K, committed 23552K, reserved 1069056K
  class space    used 2999K, capacity 3201K, committed 3328K, reserved 1048576K
}
Event: 14.625 GC heap before
{Heap before GC invocations=8 (full 3):
 PSYoungGen      total 71680K, used 5071K [0x0000000795580000, 0x000000079da80000, 0x00000007c0000000)
  eden space 66560K, 0% used [0x0000000795580000,0x0000000795580000,0x0000000799680000)
  from space 5120K, 99% used [0x0000000799680000,0x0000000799b73f98,0x0000000799b80000)
  to   space 5120K, 0% used [0x000000079d580000,0x000000079d580000,0x000000079da80000)
 ParOldGen       total 133632K, used 93238K [0x0000000740000000, 0x0000000748280000, 0x0000000795580000)
  object space 133632K, 69% used [0x0000000740000000,0x0000000745b0d808,0x0000000748280000)
 Metaspace       used 22707K, capacity 23384K, committed 23552K, reserved 1069056K
  class space    used 2999K, capacity 3201K, committed 3328K, reserved 1048576K
Event: 14.664 GC heap after
Heap after GC invocations=8 (full 3):
 PSYoungGen      total 71680K, used 0K [0x0000000795580000, 0x000000079da80000, 0x00000007c0000000)
  eden space 66560K, 0% used [0x0000000795580000,0x0000000795580000,0x0000000799680000)
  from space 5120K, 0% used [0x0000000799680000,0x0000000799680000,0x0000000799b80000)
  to   space 5120K, 0% used [0x000000079d580000,0x000000079d580000,0x000000079da80000)
 ParOldGen       total 176128K, used 89549K [0x0000000740000000, 0x000000074ac00000, 0x0000000795580000)
  object space 176128K, 50% used [0x0000000740000000,0x0000000745773618,0x000000074ac00000)
 Metaspace       used 22707K, capacity 23384K, committed 23552K, reserved 1069056K
  class space    used 2999K, capacity 3201K, committed 3328K, reserved 1048576K
}
Event: 16.588 GC heap before
{Heap before GC invocations=9 (full 3):
 PSYoungGen      total 71680K, used 66440K [0x0000000795580000, 0x000000079da80000, 0x00000007c0000000)
  eden space 66560K, 99% used [0x0000000795580000,0x0000000799662200,0x0000000799680000)
  from space 5120K, 0% used [0x0000000799680000,0x0000000799680000,0x0000000799b80000)
  to   space 5120K, 0% used [0x000000079d580000,0x000000079d580000,0x000000079da80000)
 ParOldGen       total 176128K, used 89549K [0x0000000740000000, 0x000000074ac00000, 0x0000000795580000)
  object space 176128K, 50% used [0x0000000740000000,0x0000000745773618,0x000000074ac00000)
 Metaspace       used 23777K, capacity 24468K, committed 24576K, reserved 1071104K
  class space    used 3142K, capacity 3321K, committed 3328K, reserved 1048576K
Event: 16.629 GC heap after
Heap after GC invocations=9 (full 3):
 PSYoungGen      total 123904K, used 4615K [0x0000000795580000, 0x000000079da80000, 0x00000007c0000000)
  eden space 118784K, 0% used [0x0000000795580000,0x0000000795580000,0x000000079c980000)
  from space 5120K, 90% used [0x000000079d580000,0x000000079da01c40,0x000000079da80000)
  to   space 5632K, 0% used [0x000000079cf80000,0x000000079cf80000,0x000000079d500000)
 ParOldGen       total 222208K, used 183866K [0x0000000740000000, 0x000000074d900000, 0x0000000795580000)
  object space 222208K, 82% used [0x0000000740000000,0x000000074b38e9d8,0x000000074d900000)
 Metaspace       used 23777K, capacity 24468K, committed 24576K, reserved 1071104K
  class space    used 3142K, capacity 3321K, committed 3328K, reserved 1048576K
}
Event: 16.629 GC heap before
{Heap before GC invocations=10 (full 4):
 PSYoungGen      total 123904K, used 4615K [0x0000000795580000, 0x000000079da80000, 0x00000007c0000000)
  eden space 118784K, 0% used [0x0000000795580000,0x0000000795580000,0x000000079c980000)
  from space 5120K, 90% used [0x000000079d580000,0x000000079da01c40,0x000000079da80000)
  to   space 5632K, 0% used [0x000000079cf80000,0x000000079cf80000,0x000000079d500000)
 ParOldGen       total 222208K, used 183866K [0x0000000740000000, 0x000000074d900000, 0x0000000795580000)
  object space 222208K, 82% used [0x0000000740000000,0x000000074b38e9d8,0x000000074d900000)
 Metaspace       used 23777K, capacity 24468K, committed 24576K, reserved 1071104K
  class space    used 3142K, capacity 3321K, committed 3328K, reserved 1048576K
Event: 16.644 GC heap after
Heap after GC invocations=10 (full 4):
 PSYoungGen      total 123904K, used 0K [0x0000000795580000, 0x000000079da80000, 0x00000007c0000000)
  eden space 118784K, 0% used [0x0000000795580000,0x0000000795580000,0x000000079c980000)
  from space 5120K, 0% used [0x000000079d580000,0x000000079d580000,0x000000079da80000)
  to   space 5632K, 0% used [0x000000079cf80000,0x000000079cf80000,0x000000079d500000)
 ParOldGen       total 272384K, used 140322K [0x0000000740000000, 0x0000000750a00000, 0x0000000795580000)
  object space 272384K, 51% used [0x0000000740000000,0x0000000748908848,0x0000000750a00000)
 Metaspace       used 23777K, capacity 24468K, committed 24576K, reserved 1071104K
  class space    used 3142K, capacity 3321K, committed 3328K, reserved 1048576K
}

